生成启动时间为 2015/1/21 20:50:32。
     1>项目“D:\MyGitProc\WinDui\WinDui\WinDui.vcxproj”在节点 2 上(Rebuild 个目标)。
     1>ClCompile:
         D:\Microsoft Visual Studio 12.0\VC\bin\CL.exe /c /Zi /nologo /W3 /WX- /sdl /O2 /Oi /Oy- /GL /D WIN32 /D NDEBUG /D _WINDOWS /D _UNICODE /D UNICODE /Gm- /EHsc /MD /GS /Gy /fp:precise /Zc:wchar_t /Zc:forScope /Yc"stdafx.h" /Fp"Release\WinDui.pch" /Fo"Release\\" /Fd"Release\vc120.pdb" /Gd /TP /analyze- /errorReport:prompt stdafx.cpp
         stdafx.cpp
         D:\Microsoft Visual Studio 12.0\VC\bin\CL.exe /c /Zi /nologo /W3 /WX- /sdl /O2 /Oi /Oy- /GL /D WIN32 /D NDEBUG /D _WINDOWS /D _UNICODE /D UNICODE /Gm- /EHsc /MD /GS /Gy /fp:precise /Zc:wchar_t /Zc:forScope /Yu"stdafx.h" /Fp"Release\WinDui.pch" /Fo"Release\\" /Fd"Release\vc120.pdb" /Gd /TP /analyze- /errorReport:prompt CDuiFrameWnd.cpp WinDui.cpp
         CDuiFrameWnd.cpp
         WinDui.cpp
       ResourceCompile:
         C:\Program Files (x86)\Windows Kits\8.1\bin\x86\rc.exe /D _UNICODE /D UNICODE /l"0x0409" /nologo /fo"Release\WinDui.res" WinDui.rc 
       Link:
         D:\Microsoft Visual Studio 12.0\VC\bin\link.exe /ERRORREPORT:PROMPT /OUT:"D:\MyGitProc\WinDui\Release\WinDui.exe" /INCREMENTAL:NO /NOLOGO kernel32.lib user32.lib gdi32.lib winspool.lib comdlg32.lib advapi32.lib shell32.lib ole32.lib oleaut32.lib uuid.lib odbc32.lib odbccp32.lib /MANIFEST /MANIFESTUAC:"level='asInvoker' uiAccess='false'" /manifest:embed /DEBUG /PDB:"D:\MyGitProc\WinDui\Release\WinDui.pdb" /SUBSYSTEM:WINDOWS /OPT:REF /OPT:ICF /LTCG /TLBID:1 /DYNAMICBASE /NXCOMPAT /IMPLIB:"D:\MyGitProc\WinDui\Release\WinDui.lib" /MACHINE:X86 /SAFESEH Release\WinDui.res
         Release\CDuiFrameWnd.obj
         Release\stdafx.obj
         Release\WinDui.obj
         正在生成代码
         已完成代码的生成
         WinDui.vcxproj -> D:\MyGitProc\WinDui\Release\WinDui.exe
     1>已完成生成项目“D:\MyGitProc\WinDui\WinDui\WinDui.vcxproj”(Rebuild 个目标)的操作。

生成成功。

已用时间 00:00:06.38
